[web.archive.org/web/20220209103833/https_/solu.study/wiki/Performer_B2_-_UPDATED.html]
[web.archive.org/_static/js/bundle-playbacke82b.js]
[web.archive.org/_static/js/wombat9b8c.js]
[web.archive.org/_static/js/ruffle/ruffle.js]
[web.archive.org/_static/css/banner-styles52e6.css]
[backblue.gif]
[fade.gif]
[index.html]
[web.archive.org/_static/css/iconochive29a7.css]
[web.archive.org/web/20220209103833/https_/solu.study/wiki/skins.timeless.js]
[web.archive.org/web/20220208225934im_/https_/solu.study/apple-touch-iconf3d1.png]
[web.archive.org/web/20220209103843im_/https_/solu.study/favicon-32x32f3d1.png]
[web.archive.org/web/20220307150246im_/https_/solu.pizza/favicon-16x16f3d1.png]
[web.archive.org/web/20220201050124js_/https_/pagead2.googlesyndication.com/pagead/js/fa9b9.txt]
[web.archive.org/web/20220209102639js_/https_/cdn.iubenda.com/cs/tcf/stub-v2.js]
[web.archive.org/web/20220209103503js_/https_/cdn.iubenda.com/cs/iubenda_cs.js]
[web.archive.org/web/20220209103833/https_/solu.study/wiki/Pagina_principale]
[web.archive.org/web/20220209103833/https_/solu.study/wiki/File_Performerb2.jpg]
[web.archive.org/web/20220209103837im_/https_/solu.study/images/thumb/e/eb/Performerb2.jpg/150px-Performerb2.jpg]
[web.archive.org/web/20220209103833/https_/solu.study/wiki/Categoria_Inglese]
[web.archive.org/web/20220209103833/https_/solu.study/wiki/Categoria_Zanichelli]
[web.archive.org/web/20220209103833/https_/solu.study/wiki/Categoria_2018]
[web.archive.org/web/20220209103833/https_/solu.study/wiki/Categoria_Secondaria_di_II_grado]
[web.archive.org/web/20220209103833/https_/solu.study/wiki/Speciale_Categorie]
[web.archive.org/web/20220209103833/https_/solu.study/wiki/Speciale_PagineSpeciali]
[web.archive.org/web/20220209103833/https_/solu.study/wiki/Speciale_PuntanoQui/Performer_B2_-_UPDATED]
[web.archive.org/web/20220209103833/https_/solu.study/wiki/Speciale_ModificheCorrelate/Performer_B2_-_UPDATED]
[web.archive.org/web/20220209104128im_/https_/solu.study/resources/assets/poweredby_mediawiki_88x31.png]
[web.archive.org/web/20220209103833/https_/solu.study/wiki/Solu_Informazioni_sulla_privacy]
[web.archive.org/web/20220209103833/https_/solu.study/wiki/Solu_Informazioni]
[web.archive.org/web/20220209103833/https_/solu.study/wiki/Solu_Avvertenze_generali]
[web.archive.org/web/20220209103833/https_/solu.study/wiki/Performer_B2_-_UPDATED.html]
[web.archive.org/_static/css/banner-styles52e6.css]
[web.archive.org/_static/css/iconochive29a7.css]
[web.archive.org/web/20220209103833/https_/solu.study/wiki/skins.timeless.html]
[web.archive.org/web/20220209103833/https_/solu.study/wiki/Pagina_principale.html]
[web.archive.org/web/20220209103833/https_/solu.study/wiki/File_Performerb2.html]
[web.archive.org/web/20220209103833/https_/solu.study/wiki/Categoria_Inglese.html]
[web.archive.org/web/20220209103833/https_/solu.study/wiki/Categoria_Zanichelli.html]
[web.archive.org/web/20220209103833/https_/solu.study/wiki/Categoria_2018.html]
[web.archive.org/web/20220209103833/https_/solu.study/wiki/Categoria_Secondaria_di_II_grado.html]
[web.archive.org/web/20220209103833/https_/solu.study/wiki/Speciale_Categorie.html]
[web.archive.org/web/20220209103833/https_/solu.study/wiki/Speciale_PagineSpeciali.html]
[web.archive.org/web/20220209103833/https_/solu.study/wiki/Speciale_PuntanoQui/Performer_B2_-_UPDATED.html]
[web.archive.org/web/20220209103833/https_/solu.study/wiki/Speciale_ModificheCorrelate/Performer_B2_-_UPDATED.html]
[web.archive.org/web/20220209103833/https_/solu.study/wiki/Solu_Informazioni_sulla_privacy.html]
[web.archive.org/web/20220209103833/https_/solu.study/wiki/Solu_Informazioni.html]
[web.archive.org/web/20220209103833/https_/solu.study/wiki/Solu_Avvertenze_generali.html]
[web.archive.org/_static/css/record.css]
[web.archive.org/_static/css/record.css]
